2019-01-14-main-INFO -com.cg.hms.dao.HMSDaoImpl:In InsertDetails
2019-01-14-main-INFO -com.cg.hms.dao.HMSDaoImpl:Connection is successfull
2019-01-14-main-DEBUG-com.cg.hms.dao.HMSDaoImpl:statement is created
2019-01-14-main-INFO -com.cg.hms.dao.HMSDaoImpl:For Inserting executeUpdate is executed
2019-01-14-main-INFO -com.cg.hms.dao.HMSDaoImpl:For ID exectueQuery is executed by the result set
2019-01-14-main-ERROR-com.cg.hms.dao.HMSDaoImpl:Invalid column name
2019-01-14-main-INFO -com.cg.hms.dao.HMSDaoImpl:in finally block
2019-01-14-main-INFO -com.cg.hms.dao.HMSDaoImpl:ResultSet Closed
2019-01-14-main-INFO -com.cg.hms.dao.HMSDaoImpl:Statement closed
2019-01-14-main-INFO -com.cg.hms.dao.HMSDaoImpl:Connection closed
2019-01-14-main-INFO -com.cg.hms.dao.HMSDaoImpl:In InsertDetails
2019-01-14-main-INFO -com.cg.hms.dao.HMSDaoImpl:Connection is successfull
2019-01-14-main-DEBUG-com.cg.hms.dao.HMSDaoImpl:statement is created
2019-01-14-main-INFO -com.cg.hms.dao.HMSDaoImpl:For Inserting executeUpdate is executed
2019-01-14-main-INFO -com.cg.hms.dao.HMSDaoImpl:For ID exectueQuery is executed by the result set
2019-01-14-main-ERROR-com.cg.hms.dao.HMSDaoImpl:Invalid column name
2019-01-14-main-INFO -com.cg.hms.dao.HMSDaoImpl:in finally block
2019-01-14-main-INFO -com.cg.hms.dao.HMSDaoImpl:ResultSet Closed
2019-01-14-main-INFO -com.cg.hms.dao.HMSDaoImpl:Statement closed
2019-01-14-main-INFO -com.cg.hms.dao.HMSDaoImpl:Connection closed
2019-01-14-main-INFO -com.cg.hms.dao.HMSDaoImpl:In InsertDetails
2019-01-14-main-INFO -com.cg.hms.dao.HMSDaoImpl:Connection is successfull
2019-01-14-main-DEBUG-com.cg.hms.dao.HMSDaoImpl:statement is created
2019-01-14-main-INFO -com.cg.hms.dao.HMSDaoImpl:For Inserting executeUpdate is executed
2019-01-14-main-INFO -com.cg.hms.dao.HMSDaoImpl:For ID exectueQuery is executed by the result set
2019-01-14-main-ERROR-com.cg.hms.dao.HMSDaoImpl:Invalid column name
2019-01-14-main-INFO -com.cg.hms.dao.HMSDaoImpl:in finally block
2019-01-14-main-INFO -com.cg.hms.dao.HMSDaoImpl:ResultSet Closed
2019-01-14-main-INFO -com.cg.hms.dao.HMSDaoImpl:Statement closed
2019-01-14-main-INFO -com.cg.hms.dao.HMSDaoImpl:Connection closed
2019-01-14-main-INFO -com.cg.hms.dao.HMSDaoImpl:In InsertDetails
2019-01-14-main-INFO -com.cg.hms.dao.HMSDaoImpl:Connection is successfull
2019-01-14-main-DEBUG-com.cg.hms.dao.HMSDaoImpl:statement is created
2019-01-14-main-INFO -com.cg.hms.dao.HMSDaoImpl:For Inserting executeUpdate is executed
2019-01-14-main-INFO -com.cg.hms.dao.HMSDaoImpl:For ID exectueQuery is executed by the result set
2019-01-14-main-ERROR-com.cg.hms.dao.HMSDaoImpl:Invalid column name
2019-01-14-main-INFO -com.cg.hms.dao.HMSDaoImpl:in finally block
2019-01-14-main-INFO -com.cg.hms.dao.HMSDaoImpl:ResultSet Closed
2019-01-14-main-INFO -com.cg.hms.dao.HMSDaoImpl:Statement closed
2019-01-14-main-INFO -com.cg.hms.dao.HMSDaoImpl:Connection closed
2019-01-14-main-INFO -com.cg.hms.dao.HMSDaoImpl:In InsertDetails
2019-01-14-main-INFO -com.cg.hms.dao.HMSDaoImpl:Connection is successfull
2019-01-14-main-DEBUG-com.cg.hms.dao.HMSDaoImpl:statement is created
2019-01-14-main-INFO -com.cg.hms.dao.HMSDaoImpl:For Inserting executeUpdate is executed
2019-01-14-main-INFO -com.cg.hms.dao.HMSDaoImpl:For ID exectueQuery is executed by the result set
2019-01-14-main-ERROR-com.cg.hms.dao.HMSDaoImpl:Invalid column name
2019-01-14-main-INFO -com.cg.hms.dao.HMSDaoImpl:in finally block
2019-01-14-main-INFO -com.cg.hms.dao.HMSDaoImpl:ResultSet Closed
2019-01-14-main-INFO -com.cg.hms.dao.HMSDaoImpl:Statement closed
2019-01-14-main-INFO -com.cg.hms.dao.HMSDaoImpl:Connection closed
2019-01-14-main-INFO -com.cg.hms.dao.HMSDaoImpl:In InsertDetails
2019-01-14-main-INFO -com.cg.hms.dao.HMSDaoImpl:Connection is successfull
2019-01-14-main-DEBUG-com.cg.hms.dao.HMSDaoImpl:statement is created
2019-01-14-main-INFO -com.cg.hms.dao.HMSDaoImpl:For Inserting executeUpdate is executed
2019-01-14-main-INFO -com.cg.hms.dao.HMSDaoImpl:For ID exectueQuery is executed by the result set
2019-01-14-main-ERROR-com.cg.hms.dao.HMSDaoImpl:Invalid column name
2019-01-14-main-INFO -com.cg.hms.dao.HMSDaoImpl:in finally block
2019-01-14-main-INFO -com.cg.hms.dao.HMSDaoImpl:ResultSet Closed
2019-01-14-main-INFO -com.cg.hms.dao.HMSDaoImpl:Statement closed
2019-01-14-main-INFO -com.cg.hms.dao.HMSDaoImpl:Connection closed
2019-01-14-main-INFO -com.cg.hms.dao.HMSDaoImpl:In InsertDetails
2019-01-14-main-INFO -com.cg.hms.dao.HMSDaoImpl:Connection is successfull
2019-01-14-main-DEBUG-com.cg.hms.dao.HMSDaoImpl:statement is created
2019-01-14-main-INFO -com.cg.hms.dao.HMSDaoImpl:For Inserting executeUpdate is executed
2019-01-14-main-INFO -com.cg.hms.dao.HMSDaoImpl:For ID exectueQuery is executed by the result set
2019-01-14-main-ERROR-com.cg.hms.dao.HMSDaoImpl:Invalid column name
2019-01-14-main-INFO -com.cg.hms.dao.HMSDaoImpl:in finally block
2019-01-14-main-INFO -com.cg.hms.dao.HMSDaoImpl:ResultSet Closed
2019-01-14-main-INFO -com.cg.hms.dao.HMSDaoImpl:Statement closed
2019-01-14-main-INFO -com.cg.hms.dao.HMSDaoImpl:Connection closed
2019-01-14-main-INFO -com.cg.hms.dao.HMSDaoImpl:In InsertDetails
2019-01-14-main-INFO -com.cg.hms.dao.HMSDaoImpl:Connection is successfull
2019-01-14-main-DEBUG-com.cg.hms.dao.HMSDaoImpl:statement is created
2019-01-14-main-INFO -com.cg.hms.dao.HMSDaoImpl:For Inserting executeUpdate is executed
2019-01-14-main-INFO -com.cg.hms.dao.HMSDaoImpl:For ID exectueQuery is executed by the result set
2019-01-14-main-ERROR-com.cg.hms.dao.HMSDaoImpl:Invalid column name
2019-01-14-main-INFO -com.cg.hms.dao.HMSDaoImpl:in finally block
2019-01-14-main-INFO -com.cg.hms.dao.HMSDaoImpl:ResultSet Closed
2019-01-14-main-INFO -com.cg.hms.dao.HMSDaoImpl:Statement closed
2019-01-14-main-INFO -com.cg.hms.dao.HMSDaoImpl:Connection closed
2019-01-14-main-INFO -com.cg.hms.dao.HMSDaoImpl:In InsertDetails
2019-01-14-main-INFO -com.cg.hms.dao.HMSDaoImpl:Connection is successfull
2019-01-14-main-DEBUG-com.cg.hms.dao.HMSDaoImpl:statement is created
2019-01-14-main-INFO -com.cg.hms.dao.HMSDaoImpl:For Inserting executeUpdate is executed
2019-01-14-main-INFO -com.cg.hms.dao.HMSDaoImpl:For ID exectueQuery is executed by the result set
2019-01-14-main-ERROR-com.cg.hms.dao.HMSDaoImpl:Invalid column name
2019-01-14-main-INFO -com.cg.hms.dao.HMSDaoImpl:in finally block
2019-01-14-main-INFO -com.cg.hms.dao.HMSDaoImpl:ResultSet Closed
2019-01-14-main-INFO -com.cg.hms.dao.HMSDaoImpl:Statement closed
2019-01-14-main-INFO -com.cg.hms.dao.HMSDaoImpl:Connection closed
2019-01-14-main-INFO -com.cg.hms.dao.HMSDaoImpl:In InsertDetails
2019-01-14-main-INFO -com.cg.hms.dao.HMSDaoImpl:Connection is successfull
2019-01-14-main-DEBUG-com.cg.hms.dao.HMSDaoImpl:statement is created
2019-01-14-main-INFO -com.cg.hms.dao.HMSDaoImpl:For Inserting executeUpdate is executed
2019-01-14-main-INFO -com.cg.hms.dao.HMSDaoImpl:For ID exectueQuery is executed by the result set
2019-01-14-main-INFO -com.cg.hms.dao.HMSDaoImpl:ID is generated110
2019-01-14-main-INFO -com.cg.hms.dao.HMSDaoImpl:in finally block
2019-01-14-main-INFO -com.cg.hms.dao.HMSDaoImpl:ResultSet Closed
2019-01-14-main-INFO -com.cg.hms.dao.HMSDaoImpl:Statement closed
2019-01-14-main-INFO -com.cg.hms.dao.HMSDaoImpl:Connection closed
2019-01-14-main-INFO -com.cg.hms.dao.HMSDaoImpl:In InsertDetails
2019-01-14-main-INFO -com.cg.hms.dao.HMSDaoImpl:Connection is successfull
2019-01-14-main-DEBUG-com.cg.hms.dao.HMSDaoImpl:statement is created
2019-01-14-main-INFO -com.cg.hms.dao.HMSDaoImpl:For Inserting executeUpdate is executed
2019-01-14-main-INFO -com.cg.hms.dao.HMSDaoImpl:For ID exectueQuery is executed by the result set
2019-01-14-main-INFO -com.cg.hms.dao.HMSDaoImpl:ID is generated111
2019-01-14-main-INFO -com.cg.hms.dao.HMSDaoImpl:in finally block
2019-01-14-main-INFO -com.cg.hms.dao.HMSDaoImpl:ResultSet Closed
2019-01-14-main-INFO -com.cg.hms.dao.HMSDaoImpl:Statement closed
2019-01-14-main-INFO -com.cg.hms.dao.HMSDaoImpl:Connection closed
2019-01-14-main-INFO -com.cg.hms.dao.HMSDaoImpl:In InsertDetails
2019-01-14-main-INFO -com.cg.hms.dao.HMSDaoImpl:Connection is successfull
2019-01-14-main-DEBUG-com.cg.hms.dao.HMSDaoImpl:statement is created
2019-01-14-main-INFO -com.cg.hms.dao.HMSDaoImpl:For Inserting executeUpdate is executed
2019-01-14-main-INFO -com.cg.hms.dao.HMSDaoImpl:For ID exectueQuery is executed by the result set
2019-01-14-main-INFO -com.cg.hms.dao.HMSDaoImpl:ID is generated112
2019-01-14-main-INFO -com.cg.hms.dao.HMSDaoImpl:in finally block
2019-01-14-main-INFO -com.cg.hms.dao.HMSDaoImpl:ResultSet Closed
2019-01-14-main-INFO -com.cg.hms.dao.HMSDaoImpl:Statement closed
2019-01-14-main-INFO -com.cg.hms.dao.HMSDaoImpl:Connection closed
2019-01-14-main-INFO -com.cg.hms.dao.HMSDaoImpl:In InsertDetails
2019-01-14-main-INFO -com.cg.hms.dao.HMSDaoImpl:Connection is successfull
2019-01-14-main-DEBUG-com.cg.hms.dao.HMSDaoImpl:statement is created
2019-01-14-main-INFO -com.cg.hms.dao.HMSDaoImpl:For Inserting executeUpdate is executed
2019-01-14-main-INFO -com.cg.hms.dao.HMSDaoImpl:For ID exectueQuery is executed by the result set
2019-01-14-main-INFO -com.cg.hms.dao.HMSDaoImpl:ID is generated113
2019-01-14-main-INFO -com.cg.hms.dao.HMSDaoImpl:in finally block
2019-01-14-main-INFO -com.cg.hms.dao.HMSDaoImpl:ResultSet Closed
2019-01-14-main-INFO -com.cg.hms.dao.HMSDaoImpl:Statement closed
2019-01-14-main-INFO -com.cg.hms.dao.HMSDaoImpl:Connection closed
2019-01-14-main-INFO -com.cg.hms.dao.HMSDaoImpl:In InsertDetails
2019-01-14-main-INFO -com.cg.hms.dao.HMSDaoImpl:Connection is successfull
2019-01-14-main-DEBUG-com.cg.hms.dao.HMSDaoImpl:statement is created
2019-01-14-main-INFO -com.cg.hms.dao.HMSDaoImpl:For Inserting executeUpdate is executed
2019-01-14-main-INFO -com.cg.hms.dao.HMSDaoImpl:For ID exectueQuery is executed by the result set
2019-01-14-main-INFO -com.cg.hms.dao.HMSDaoImpl:ID is generated114
2019-01-14-main-INFO -com.cg.hms.dao.HMSDaoImpl:in finally block
2019-01-14-main-INFO -com.cg.hms.dao.HMSDaoImpl:ResultSet Closed
2019-01-14-main-INFO -com.cg.hms.dao.HMSDaoImpl:Statement closed
2019-01-14-main-INFO -com.cg.hms.dao.HMSDaoImpl:Connection closed
2019-01-14-main-INFO -com.cg.hms.dao.HMSDaoImpl:In InsertDetails
2019-01-14-main-INFO -com.cg.hms.dao.HMSDaoImpl:Connection is successfull
2019-01-14-main-DEBUG-com.cg.hms.dao.HMSDaoImpl:statement is created
2019-01-14-main-INFO -com.cg.hms.dao.HMSDaoImpl:For Inserting executeUpdate is executed
2019-01-14-main-INFO -com.cg.hms.dao.HMSDaoImpl:For ID exectueQuery is executed by the result set
2019-01-14-main-INFO -com.cg.hms.dao.HMSDaoImpl:ID is generated100
2019-01-14-main-INFO -com.cg.hms.dao.HMSDaoImpl:in finally block
2019-01-14-main-INFO -com.cg.hms.dao.HMSDaoImpl:ResultSet Closed
2019-01-14-main-INFO -com.cg.hms.dao.HMSDaoImpl:Statement closed
2019-01-14-main-INFO -com.cg.hms.dao.HMSDaoImpl:Connection closed
2019-01-14-main-INFO -com.cg.hms.dao.HMSDaoImpl:In InsertDetails
2019-01-14-main-INFO -com.cg.hms.dao.HMSDaoImpl:Connection is successfull
2019-01-14-main-DEBUG-com.cg.hms.dao.HMSDaoImpl:statement is created
2019-01-14-main-INFO -com.cg.hms.dao.HMSDaoImpl:For Inserting executeUpdate is executed
2019-01-14-main-INFO -com.cg.hms.dao.HMSDaoImpl:For ID exectueQuery is executed by the result set
2019-01-14-main-INFO -com.cg.hms.dao.HMSDaoImpl:ID is generated101
2019-01-14-main-INFO -com.cg.hms.dao.HMSDaoImpl:in finally block
2019-01-14-main-INFO -com.cg.hms.dao.HMSDaoImpl:ResultSet Closed
2019-01-14-main-INFO -com.cg.hms.dao.HMSDaoImpl:Statement closed
2019-01-14-main-INFO -com.cg.hms.dao.HMSDaoImpl:Connection closed
2019-01-14-main-INFO -com.cg.hms.dao.HMSDaoImpl:In InsertDetails
2019-01-14-main-INFO -com.cg.hms.dao.HMSDaoImpl:Connection is successfull
2019-01-14-main-DEBUG-com.cg.hms.dao.HMSDaoImpl:statement is created
2019-01-14-main-INFO -com.cg.hms.dao.HMSDaoImpl:For Inserting executeUpdate is executed
2019-01-14-main-INFO -com.cg.hms.dao.HMSDaoImpl:For ID exectueQuery is executed by the result set
2019-01-14-main-INFO -com.cg.hms.dao.HMSDaoImpl:ID is generated102
2019-01-14-main-INFO -com.cg.hms.dao.HMSDaoImpl:in finally block
2019-01-14-main-INFO -com.cg.hms.dao.HMSDaoImpl:ResultSet Closed
2019-01-14-main-INFO -com.cg.hms.dao.HMSDaoImpl:Statement closed
2019-01-14-main-INFO -com.cg.hms.dao.HMSDaoImpl:Connection closed
2019-01-14-main-INFO -com.cg.hms.dao.HMSDaoImpl:In InsertDetails
2019-01-14-main-INFO -com.cg.hms.dao.HMSDaoImpl:Connection is successfull
2019-01-14-main-DEBUG-com.cg.hms.dao.HMSDaoImpl:statement is created
2019-01-14-main-INFO -com.cg.hms.dao.HMSDaoImpl:For Inserting executeUpdate is executed
2019-01-14-main-INFO -com.cg.hms.dao.HMSDaoImpl:For ID exectueQuery is executed by the result set
2019-01-14-main-INFO -com.cg.hms.dao.HMSDaoImpl:ID is generated103
2019-01-14-main-INFO -com.cg.hms.dao.HMSDaoImpl:in finally block
2019-01-14-main-INFO -com.cg.hms.dao.HMSDaoImpl:ResultSet Closed
2019-01-14-main-INFO -com.cg.hms.dao.HMSDaoImpl:Statement closed
2019-01-14-main-INFO -com.cg.hms.dao.HMSDaoImpl:Connection closed
2019-01-14-main-INFO -com.cg.hms.dao.HMSDaoImpl:In InsertDetails
2019-01-14-main-INFO -com.cg.hms.dao.HMSDaoImpl:Connection is successfull
2019-01-14-main-DEBUG-com.cg.hms.dao.HMSDaoImpl:statement is created
2019-01-14-main-INFO -com.cg.hms.dao.HMSDaoImpl:For Inserting executeUpdate is executed
2019-01-14-main-INFO -com.cg.hms.dao.HMSDaoImpl:For ID exectueQuery is executed by the result set
2019-01-14-main-INFO -com.cg.hms.dao.HMSDaoImpl:ID is generated104
2019-01-14-main-INFO -com.cg.hms.dao.HMSDaoImpl:in finally block
2019-01-14-main-INFO -com.cg.hms.dao.HMSDaoImpl:ResultSet Closed
2019-01-14-main-INFO -com.cg.hms.dao.HMSDaoImpl:Statement closed
2019-01-14-main-INFO -com.cg.hms.dao.HMSDaoImpl:Connection closed
2019-01-14-main-INFO -com.cg.hms.dao.HMSDaoImpl:In InsertDetails
2019-01-14-main-INFO -com.cg.hms.dao.HMSDaoImpl:Connection is successfull
2019-01-14-main-DEBUG-com.cg.hms.dao.HMSDaoImpl:statement is created
2019-01-14-main-INFO -com.cg.hms.dao.HMSDaoImpl:For Inserting executeUpdate is executed
2019-01-14-main-INFO -com.cg.hms.dao.HMSDaoImpl:For ID exectueQuery is executed by the result set
2019-01-14-main-INFO -com.cg.hms.dao.HMSDaoImpl:ID is generated105
2019-01-14-main-INFO -com.cg.hms.dao.HMSDaoImpl:in finally block
2019-01-14-main-INFO -com.cg.hms.dao.HMSDaoImpl:ResultSet Closed
2019-01-14-main-INFO -com.cg.hms.dao.HMSDaoImpl:Statement closed
2019-01-14-main-INFO -com.cg.hms.dao.HMSDaoImpl:Connection closed
